<?xml version="1.0" encoding="UTF-8"?>
<!-- Generated by org.testng.reporters.JUnitReportReporter -->
<testsuite hostname="DESKTOP-GPKURBV" failures="0" tests="1" name="com.myStore.TestCases.AccountCreationPageTest" time="10.991" errors="0" timestamp="2022-07-12T12:29:01 CDT" skipped="0">
  <testcase classname="com.myStore.TestCases.AccountCreationPageTest" name="verifyCreateAccountPageTest" time="10.991"/>
  <system-out/>
</testsuite> <!-- com.myStore.TestCases.AccountCreationPageTest -->
